
2009-12-05 17:03:17,503 INFO Begin to backup loacl karrigell diretory to local git.

2009-12-05 17:03:17,503 INFO Command: 
rsync -avzur --delete --progress /home/broader/develop/R@K/CMS/Karrigell/ereception/ /home/broader/develop/EasyReception/develop
running result is :Test
2009-12-05 17:03:17,503 INFO End backup loacl karrigell diretory to local git.
2009-12-05 17:03:17,504 INFO Begin to backup local github to remote github host.
2009-12-05 17:03:17,504 INFO Command: 
cd /home/broader/develop/EasyReception
running result is :Test
2009-12-05 17:03:17,504 INFO Command: 
git add .
running result is :Test
2009-12-05 17:03:17,504 INFO Command: 
git commit -m 'Update time:2009-12-05T17:03:17.504600'
running result is :Test
2009-12-05 17:03:17,505 INFO Command: 
git push origin master
running result is :Test
2009-12-05 17:03:17,505 INFO End backup local github to remote github host.
2009-12-05 17:04:57,283 INFO Begin to backup loacl karrigell diretory to local git.

2009-12-05 17:04:57,284 INFO Command: 
rsync -avzur --delete --progress /home/broader/develop/R@K/CMS/Karrigell/ereception/ /home/broader/develop/EasyReception/develop
running result is :Test
2009-12-05 17:04:57,284 INFO End backup loacl karrigell diretory to local git.
2009-12-05 17:04:57,284 INFO Begin to backup local github to remote github host.
2009-12-05 17:04:57,284 INFO Command: 
cd /home/broader/develop/EasyReception
running result is :Test
2009-12-05 17:04:57,285 INFO Command: 
pwd
running result is :Test
2009-12-05 17:04:57,285 INFO Command: 
git add .
running result is :Test
2009-12-05 17:04:57,285 INFO Command: 
git commit -m 'Update time:2009-12-05T17:04:57.285504'
running result is :Test
2009-12-05 17:04:57,286 INFO Command: 
git push origin master
running result is :Test
2009-12-05 17:04:57,286 INFO End backup local github to remote github host.
2009-12-05 17:05:18,661 INFO Begin to backup loacl karrigell diretory to local git.

2009-12-05 17:05:18,736 INFO Command: 
rsync -avzur --delete --progress /home/broader/develop/R@K/CMS/Karrigell/ereception/ /home/broader/develop/EasyReception/develop
running result is :building file list ... 
 0 files... 100 files... 200 files... 300 files... 400 files... 500 files... 600 files... 700 files... 800 files... 900 files...947 files to consider

sent 19717 bytes  received 20 bytes  39474.00 bytes/sec
total size is 2946721  speedup is 149.30
2009-12-05 17:05:18,736 INFO End backup loacl karrigell diretory to local git.
2009-12-05 17:05:18,736 INFO Begin to backup local github to remote github host.
2009-12-05 17:05:18,737 INFO Command: 
cd /home/broader/develop/EasyReception
running result is :
2009-12-05 17:05:18,738 INFO Command: 
pwd
running result is :/home/broader/develop/backup/scripts
2009-12-05 17:05:18,740 INFO Command: 
git add .
running result is :fatal: Not a git repository
2009-12-05 17:05:18,743 INFO Command: 
git commit -m 'Update time:2009-12-05T17:05:18.738571'
running result is :fatal: Not a git repository
2009-12-05 17:05:18,745 INFO Command: 
git push origin master
running result is :fatal: Not a git repository
2009-12-05 17:05:18,745 INFO End backup local github to remote github host.
